<?xml version="1.0" encoding="UTF-8"?>
<testsuite xmlns:xsi="http://www.w3.org/2001/XMLSchema-instance" xsi:noNamespaceSchemaLocation="https://maven.apache.org/surefire/maven-surefire-plugin/xsd/surefire-test-report.xsd" name="Wallet.Wallet.WalletTest" time="0.05" tests="6" errors="0" skipped="0" failures="0">
  <properties>
[...]
</properties>
  <testcase name="walletTest1" classname="Wallet.Wallet.WalletTest" time="0.013"/>
  <testcase name="walletTest2" classname="Wallet.Wallet.WalletTest" time="0"/>
  <testcase name="walletTest3" classname="Wallet.Wallet.WalletTest" time="0.003"/>
  <testcase name="walletTest4" classname="Wallet.Wallet.WalletTest" time="0"/>
  <testcase name="walletTest5" classname="Wallet.Wallet.WalletTest" time="0"/>
  <testcase name="walletTest6" classname="Wallet.Wallet.WalletTest" time="0.001"/>
</testsuite>